<?xml version="1.0" encoding="UTF-8"?>
<!-- Generated by org.testng.reporters.JUnitReportReporter -->
<testsuite hostname="DESKTOP-GA8MONJ" failures="0" tests="1" name="boilerplate.Testpro" time="0.013" errors="0" timestamp="2021-03-27T11:10:09 IST" skipped="0">
  <testcase classname="boilerplate.Testpro" name="test" time="0.013"/>
  <system-out/>
</testsuite> <!-- boilerplate.Testpro -->
