<?xml version="1.0" encoding="UTF-8"?>
<!-- Generated by org.testng.reporters.JUnitReportReporter -->
<testsuite hostname="DESKTOP-GA8MONJ" failures="0" tests="3" name="api.automation.test.CreateandValidateCard" time="18.118" errors="0" timestamp="2021-04-01T08:12:13 IST" skipped="0">
  <testcase classname="api.automation.test.CreateandValidateCard" name="cardcreatest" time="13.487"/>
  <system-out/>
  <testcase classname="api.automation.test.CreateandValidateCard" name="cardcreationandvalidation" time="2.338"/>
  <system-out/>
  <testcase classname="api.automation.test.CreateandValidateCard" name="cardcreationandvalidation" time="2.293"/>
  <system-out/>
</testsuite> <!-- api.automation.test.CreateandValidateCard -->
